<?xml version="1.0" encoding="UTF-8"?>
<robot generator="Robot 6.1.1 (Python 3.11.4 on win32)" generated="20230912 11:56:51.327" rpa="false" schemaversion="4">
<suite id="s1" name="Checkout" source="C:\Users\User\Desktop\OneDRIVE\My Own Programming Work\Saucelabs_robotframework\tests\Checkout.robot">
<test id="s1-t1" name="Successfully completing checkout for product" line="18">
<kw name="Begin Web Test" library="CommonWeb" type="SETUP">
<kw name="Open Browser" library="SeleniumLibrary">
<arg>data:,</arg>
<arg>${BROWSER}</arg>
<doc>Opens a new browser instance to the optional ``url``.</doc>
<msg timestamp="20230912 11:56:52.097" level="INFO">Opening browser 'chrome' to base url 'data:,'.</msg>
<msg timestamp="20230912 11:56:53.841" level="WARN">The chromedriver version (115.0.5790.170) detected in PATH at C:\Users\User\AppData\Local\Programs\Python\Python311\Scripts\chromedriver.exe might not be compatible with the detected chrome version (116.0.5845.180); currently, chromedriver 116.0.5845.96 is recommended for chrome 116.*, so it is advised to delete the driver in PATH and retry</msg>
<status status="PASS" starttime="20230912 11:56:52.096" endtime="20230912 11:56:58.496"/>
</kw>
<kw name="Maximize Browser Window" library="SeleniumLibrary">
<doc>Maximizes current browser window.</doc>
<status status="PASS" starttime="20230912 11:56:58.497" endtime="20230912 11:56:58.804"/>
</kw>
<status status="PASS" starttime="20230912 11:56:52.095" endtime="20230912 11:56:58.804"/>
</kw>
<kw name="Given I have to navigate to SauceDemo web site" library="Checkout">
<kw name="Navigate To" library="LoginPage">
<kw name="Go To" library="SeleniumLibrary">
<arg>${SAUCEDEMO_URL}</arg>
<doc>Navigates the current browser window to the provided ``url``.</doc>
<msg timestamp="20230912 11:56:58.810" level="INFO">Opening url 'https://www.saucedemo.com/'</msg>
<status status="PASS" starttime="20230912 11:56:58.809" endtime="20230912 11:57:01.112"/>
</kw>
<status status="PASS" starttime="20230912 11:56:58.808" endtime="20230912 11:57:01.112"/>
</kw>
<status status="PASS" starttime="20230912 11:56:58.807" endtime="20230912 11:57:01.112"/>
</kw>
<kw name="When I login with the valid username and password" library="Checkout">
<kw name="Enter Username" library="LoginPage">
<kw name="Sleep" library="BuiltIn">
<arg>5s</arg>
<doc>Pauses the test executed for the given time.</doc>
<msg timestamp="20230912 11:57:06.133" level="INFO">Slept 5 seconds</msg>
<status status="PASS" starttime="20230912 11:57:01.131" endtime="20230912 11:57:06.133"/>
</kw>
<kw name="Wait Until Page Contains" library="SeleniumLibrary">
<arg>${LOGINPAGE_USERNAME_FIELD}</arg>
<doc>Waits until ``text`` appears on the current page.</doc>
<msg timestamp="20230912 11:57:11.347" level="INFO" html="true">&lt;/td&gt;&lt;/tr&gt;&lt;tr&gt;&lt;td colspan="3"&gt;&lt;a href="selenium-screenshot-8.png"&gt;&lt;img src="selenium-screenshot-8.png" width="800px"&gt;&lt;/a&gt;</msg>
<msg timestamp="20230912 11:57:11.348" level="FAIL">Text 'xpath= //*[@id='user-name']' did not appear in 5 seconds.</msg>
<status status="FAIL" starttime="20230912 11:57:06.133" endtime="20230912 11:57:11.355"/>
</kw>
<kw name="Input Text" library="SeleniumLibrary">
<arg>${LOGINPAGE_USERNAME_FIELD}</arg>
<arg>${USERNAME}[0]</arg>
<doc>Types the given ``text`` into the text field identified by ``locator``.</doc>
<status status="NOT RUN" starttime="20230912 11:57:11.356" endtime="20230912 11:57:11.356"/>
</kw>
<status status="FAIL" starttime="20230912 11:57:01.130" endtime="20230912 11:57:11.356"/>
</kw>
<kw name="Enter Password" library="LoginPage">
<status status="NOT RUN" starttime="20230912 11:57:11.357" endtime="20230912 11:57:11.357"/>
</kw>
<kw name="Click Login Button" library="LoginPage">
<status status="NOT RUN" starttime="20230912 11:57:11.357" endtime="20230912 11:57:11.358"/>
</kw>
<status status="FAIL" starttime="20230912 11:57:01.129" endtime="20230912 11:57:11.358"/>
</kw>
<kw name="Then I am successfully logged in SauceDemo" library="Checkout">
<status status="NOT RUN" starttime="20230912 11:57:11.359" endtime="20230912 11:57:11.359"/>
</kw>
<kw name="Given I am logged in SauceDemo" library="Checkout">
<status status="NOT RUN" starttime="20230912 11:57:11.360" endtime="20230912 11:57:11.360"/>
</kw>
<kw name="When I add to cart one Sauce Labs Bike Light pressing Add to Cart button" library="Checkout">
<status status="NOT RUN" starttime="20230912 11:57:11.362" endtime="20230912 11:57:11.362"/>
</kw>
<kw name="Then I go to check the Cart page" library="Checkout">
<status status="NOT RUN" starttime="20230912 11:57:11.363" endtime="20230912 11:57:11.363"/>
</kw>
<kw name="Given I am successfully redirected to Cart page" library="Checkout">
<status status="NOT RUN" starttime="20230912 11:57:11.363" endtime="20230912 11:57:11.363"/>
</kw>
<kw name="And I check if one Sauce Labs Bike Light is added in the shopping cart" library="Checkout">
<status status="NOT RUN" starttime="20230912 11:57:11.364" endtime="20230912 11:57:11.364"/>
</kw>
<kw name="When I press Checkout button" library="Checkout">
<status status="NOT RUN" starttime="20230912 11:57:11.365" endtime="20230912 11:57:11.365"/>
</kw>
<kw name="Then I am redirected to Checkout page" library="Checkout">
<status status="NOT RUN" starttime="20230912 11:57:11.366" endtime="20230912 11:57:11.366"/>
</kw>
<kw name="Given I am successfully redirected to Checkout page" library="Checkout">
<status status="NOT RUN" starttime="20230912 11:57:11.367" endtime="20230912 11:57:11.367"/>
</kw>
<kw name="When I populate all field with the required information" library="Checkout">
<status status="NOT RUN" starttime="20230912 11:57:11.367" endtime="20230912 11:57:11.367"/>
</kw>
<kw name="And Press Continue button" library="Checkout">
<status status="NOT RUN" starttime="20230912 11:57:11.369" endtime="20230912 11:57:11.369"/>
</kw>
<kw name="Then I am redirected to Checkout: Overview page" library="Checkout">
<status status="NOT RUN" starttime="20230912 11:57:11.370" endtime="20230912 11:57:11.370"/>
</kw>
<kw name="Given I am successfully redirected to Checkout: Overview page" library="Checkout">
<status status="NOT RUN" starttime="20230912 11:57:11.371" endtime="20230912 11:57:11.372"/>
</kw>
<kw name="When I press Finish button" library="Checkout">
<status status="NOT RUN" starttime="20230912 11:57:11.373" endtime="20230912 11:57:11.373"/>
</kw>
<kw name="Then I am redirected to Checkout: Complete page" library="Checkout">
<status status="NOT RUN" starttime="20230912 11:57:11.374" endtime="20230912 11:57:11.374"/>
</kw>
<kw name="Given I am successfully redirected to Checkout: Complete page" library="Checkout">
<status status="NOT RUN" starttime="20230912 11:57:11.375" endtime="20230912 11:57:11.375"/>
</kw>
<kw name="When I press Back Home button" library="Checkout">
<status status="NOT RUN" starttime="20230912 11:57:11.376" endtime="20230912 11:57:11.376"/>
</kw>
<kw name="Then I am redirected to the first page" library="Checkout">
<status status="NOT RUN" starttime="20230912 11:57:11.377" endtime="20230912 11:57:11.377"/>
</kw>
<kw name="End Web Test" library="CommonWeb" type="TEARDOWN">
<kw name="Close All Browsers" library="SeleniumLibrary">
<doc>Closes all open browsers and resets the browser cache.</doc>
<status status="PASS" starttime="20230912 11:57:11.378" endtime="20230912 11:57:18.334"/>
</kw>
<status status="PASS" starttime="20230912 11:57:11.377" endtime="20230912 11:57:18.334"/>
</kw>
<tag>Checkout</tag>
<status status="FAIL" starttime="20230912 11:56:52.093" endtime="20230912 11:57:18.335">Text 'xpath= //*[@id='user-name']' did not appear in 5 seconds.</status>
</test>
<test id="s1-t2" name="Checking if correct error messages appears in Checkout page" line="46">
<kw name="Begin Web Test" library="CommonWeb" type="SETUP">
<kw name="Open Browser" library="SeleniumLibrary">
<arg>data:,</arg>
<arg>${BROWSER}</arg>
<doc>Opens a new browser instance to the optional ``url``.</doc>
<msg timestamp="20230912 11:57:18.340" level="INFO">Opening browser 'chrome' to base url 'data:,'.</msg>
<msg timestamp="20230912 11:57:19.942" level="WARN">The chromedriver version (115.0.5790.170) detected in PATH at C:\Users\User\AppData\Local\Programs\Python\Python311\Scripts\chromedriver.exe might not be compatible with the detected chrome version (116.0.5845.180); currently, chromedriver 116.0.5845.96 is recommended for chrome 116.*, so it is advised to delete the driver in PATH and retry</msg>
<status status="PASS" starttime="20230912 11:57:18.339" endtime="20230912 11:57:22.689"/>
</kw>
<kw name="Maximize Browser Window" library="SeleniumLibrary">
<doc>Maximizes current browser window.</doc>
<status status="PASS" starttime="20230912 11:57:22.690" endtime="20230912 11:57:22.882"/>
</kw>
<status status="PASS" starttime="20230912 11:57:18.338" endtime="20230912 11:57:22.884"/>
</kw>
<kw name="Given I have to navigate to SauceDemo web site" library="Checkout">
<kw name="Navigate To" library="LoginPage">
<kw name="Go To" library="SeleniumLibrary">
<arg>${SAUCEDEMO_URL}</arg>
<doc>Navigates the current browser window to the provided ``url``.</doc>
<msg timestamp="20230912 11:57:22.907" level="INFO">Opening url 'https://www.saucedemo.com/'</msg>
<status status="PASS" starttime="20230912 11:57:22.907" endtime="20230912 11:57:24.880"/>
</kw>
<status status="PASS" starttime="20230912 11:57:22.906" endtime="20230912 11:57:24.881"/>
</kw>
<status status="PASS" starttime="20230912 11:57:22.905" endtime="20230912 11:57:24.881"/>
</kw>
<kw name="When I login with the valid username and password" library="Checkout">
<kw name="Enter Username" library="LoginPage">
<kw name="Sleep" library="BuiltIn">
<arg>5s</arg>
<doc>Pauses the test executed for the given time.</doc>
<msg timestamp="20230912 11:57:29.896" level="INFO">Slept 5 seconds</msg>
<status status="PASS" starttime="20230912 11:57:24.895" endtime="20230912 11:57:29.896"/>
</kw>
<kw name="Wait Until Page Contains" library="SeleniumLibrary">
<arg>${LOGINPAGE_USERNAME_FIELD}</arg>
<doc>Waits until ``text`` appears on the current page.</doc>
<msg timestamp="20230912 11:57:35.468" level="INFO" html="true">&lt;/td&gt;&lt;/tr&gt;&lt;tr&gt;&lt;td colspan="3"&gt;&lt;a href="selenium-screenshot-9.png"&gt;&lt;img src="selenium-screenshot-9.png" width="800px"&gt;&lt;/a&gt;</msg>
<msg timestamp="20230912 11:57:35.468" level="FAIL">Text 'xpath= //*[@id='user-name']' did not appear in 5 seconds.</msg>
<status status="FAIL" starttime="20230912 11:57:29.900" endtime="20230912 11:57:35.470"/>
</kw>
<kw name="Input Text" library="SeleniumLibrary">
<arg>${LOGINPAGE_USERNAME_FIELD}</arg>
<arg>${USERNAME}[0]</arg>
<doc>Types the given ``text`` into the text field identified by ``locator``.</doc>
<status status="NOT RUN" starttime="20230912 11:57:35.471" endtime="20230912 11:57:35.471"/>
</kw>
<status status="FAIL" starttime="20230912 11:57:24.895" endtime="20230912 11:57:35.471"/>
</kw>
<kw name="Enter Password" library="LoginPage">
<status status="NOT RUN" starttime="20230912 11:57:35.472" endtime="20230912 11:57:35.472"/>
</kw>
<kw name="Click Login Button" library="LoginPage">
<status status="NOT RUN" starttime="20230912 11:57:35.472" endtime="20230912 11:57:35.472"/>
</kw>
<status status="FAIL" starttime="20230912 11:57:24.894" endtime="20230912 11:57:35.473"/>
</kw>
<kw name="Then I am successfully logged in SauceDemo" library="Checkout">
<status status="NOT RUN" starttime="20230912 11:57:35.474" endtime="20230912 11:57:35.474"/>
</kw>
<kw name="Given I am logged in SauceDemo" library="Checkout">
<status status="NOT RUN" starttime="20230912 11:57:35.474" endtime="20230912 11:57:35.474"/>
</kw>
<kw name="When I click on Cart icon" library="Checkout">
<status status="NOT RUN" starttime="20230912 11:57:35.475" endtime="20230912 11:57:35.475"/>
</kw>
<kw name="Then I am redirected to Cart page" library="Checkout">
<status status="NOT RUN" starttime="20230912 11:57:35.476" endtime="20230912 11:57:35.476"/>
</kw>
<kw name="Given I am successfully redirected to Cart page" library="Checkout">
<status status="NOT RUN" starttime="20230912 11:57:35.476" endtime="20230912 11:57:35.476"/>
</kw>
<kw name="When I press Checkout button" library="Checkout">
<status status="NOT RUN" starttime="20230912 11:57:35.477" endtime="20230912 11:57:35.477"/>
</kw>
<kw name="Then I am redirected to Checkout page" library="Checkout">
<status status="NOT RUN" starttime="20230912 11:57:35.478" endtime="20230912 11:57:35.478"/>
</kw>
<kw name="Given I am successfully redirected to Checkout page" library="Checkout">
<status status="NOT RUN" starttime="20230912 11:57:35.479" endtime="20230912 11:57:35.479"/>
</kw>
<kw name="When I populate all required fields with missing out name field" library="Checkout">
<status status="NOT RUN" starttime="20230912 11:57:35.480" endtime="20230912 11:57:35.480"/>
</kw>
<kw name="And Press Continue button" library="Checkout">
<status status="NOT RUN" starttime="20230912 11:57:35.480" endtime="20230912 11:57:35.480"/>
</kw>
<kw name="Then I receive Error message that I need to populate name field" library="Checkout">
<status status="NOT RUN" starttime="20230912 11:57:35.481" endtime="20230912 11:57:35.481"/>
</kw>
<kw name="Given I am successfully redirected to Checkout page" library="Checkout">
<status status="NOT RUN" starttime="20230912 11:57:35.482" endtime="20230912 11:57:35.482"/>
</kw>
<kw name="When I populate all required fields with missing out last name field" library="Checkout">
<status status="NOT RUN" starttime="20230912 11:57:35.482" endtime="20230912 11:57:35.482"/>
</kw>
<kw name="And Press Continue button" library="Checkout">
<status status="NOT RUN" starttime="20230912 11:57:35.483" endtime="20230912 11:57:35.483"/>
</kw>
<kw name="Then I receive Error message that I need to populate last name field" library="Checkout">
<status status="NOT RUN" starttime="20230912 11:57:35.484" endtime="20230912 11:57:35.484"/>
</kw>
<kw name="Given I am successfully redirected to Checkout page" library="Checkout">
<status status="NOT RUN" starttime="20230912 11:57:35.485" endtime="20230912 11:57:35.485"/>
</kw>
<kw name="When I populate all required fields with missing out zip/postal code field" library="Checkout">
<status status="NOT RUN" starttime="20230912 11:57:35.485" endtime="20230912 11:57:35.485"/>
</kw>
<kw name="And Press Continue button" library="Checkout">
<status status="NOT RUN" starttime="20230912 11:57:35.486" endtime="20230912 11:57:35.486"/>
</kw>
<kw name="Then I receive Error message that I need to populate zip/postal code name field" library="Checkout">
<status status="NOT RUN" starttime="20230912 11:57:35.487" endtime="20230912 11:57:35.487"/>
</kw>
<kw name="End Web Test" library="CommonWeb" type="TEARDOWN">
<kw name="Close All Browsers" library="SeleniumLibrary">
<doc>Closes all open browsers and resets the browser cache.</doc>
<status status="PASS" starttime="20230912 11:57:35.488" endtime="20230912 11:57:42.989"/>
</kw>
<status status="PASS" starttime="20230912 11:57:35.487" endtime="20230912 11:57:42.989"/>
</kw>
<tag>CheckoutErrorMessage</tag>
<status status="FAIL" starttime="20230912 11:57:18.337" endtime="20230912 11:57:42.990">Text 'xpath= //*[@id='user-name']' did not appear in 5 seconds.</status>
</test>
<doc>This is test SauceDemo full checkout for product</doc>
<status status="FAIL" starttime="20230912 11:56:51.333" endtime="20230912 11:57:42.995"/>
</suite>
<statistics>
<total>
<stat pass="0" fail="2" skip="0">All Tests</stat>
</total>
<tag>
<stat pass="0" fail="1" skip="0">Checkout</stat>
<stat pass="0" fail="1" skip="0">CheckoutErrorMessage</stat>
</tag>
<suite>
<stat pass="0" fail="2" skip="0" id="s1" name="Checkout">Checkout</stat>
</suite>
</statistics>
<errors>
<msg timestamp="20230912 11:56:53.841" level="WARN">The chromedriver version (115.0.5790.170) detected in PATH at C:\Users\User\AppData\Local\Programs\Python\Python311\Scripts\chromedriver.exe might not be compatible with the detected chrome version (116.0.5845.180); currently, chromedriver 116.0.5845.96 is recommended for chrome 116.*, so it is advised to delete the driver in PATH and retry</msg>
<msg timestamp="20230912 11:57:19.942" level="WARN">The chromedriver version (115.0.5790.170) detected in PATH at C:\Users\User\AppData\Local\Programs\Python\Python311\Scripts\chromedriver.exe might not be compatible with the detected chrome version (116.0.5845.180); currently, chromedriver 116.0.5845.96 is recommended for chrome 116.*, so it is advised to delete the driver in PATH and retry</msg>
</errors>
</robot>
